
(teams:113620): Gtk-WARNING **: 13:03:46.872: Theme parsing error: gtk.css:8008:53: Invalid name of pseudo-class

(teams:113620): Gtk-WARNING **: 13:03:46.873: Theme parsing error: gtk.css:8019:53: Invalid name of pseudo-class

(teams:113620): Gtk-WARNING **: 13:03:46.873: Theme parsing error: gtk.css:8023:53: Invalid name of pseudo-class

(teams:113620): Gtk-WARNING **: 13:03:46.873: Theme parsing error: gtk.css:8030:53: Invalid name of pseudo-class

(teams:113620): Gtk-WARNING **: 13:03:46.873: Theme parsing error: gtk.css:8037:53: Invalid name of pseudo-class

(teams:113620): Gtk-WARNING **: 13:03:46.873: Theme parsing error: gtk.css:8044:53: Invalid name of pseudo-class

(teams:113620): Gtk-WARNING **: 13:03:46.873: Theme parsing error: gtk.css:8048:53: Invalid name of pseudo-class

(teams:113620): Gtk-WARNING **: 13:03:46.873: Theme parsing error: gtk.css:8053:53: Invalid name of pseudo-class
(electron) The default value of app.allowRendererProcessReuse is deprecated, it is currently "false".  It will change to be "true" in Electron 9.  For more information please check https://github.com/electron/electron/issues/18397
(node:113620) ProtocolDeprecateCallback: The callback argument of protocol module APIs is no longer needed.
(node:113620) ProtocolDeprecateCallback: The callback argument of protocol module APIs is no longer needed.
(node:113620) ProtocolDeprecateCallback: The callback argument of protocol module APIs is no longer needed.
(node:113620) ProtocolDeprecateCallback: The callback argument of protocol module APIs is no longer needed.
(node:113620) ProtocolDeprecateCallback: The callback argument of protocol module APIs is no longer needed.
(node:113620) ProtocolDeprecateCallback: The callback argument of protocol module APIs is no longer needed.
(node:113620) ProtocolDeprecateCallback: The callback argument of protocol module APIs is no longer needed.
(node:113620) ProtocolDeprecateCallback: The callback argument of protocol module APIs is no longer needed.
(node:113620) ProtocolDeprecateCallback: The callback argument of protocol module APIs is no longer needed.
(node:113620) ProtocolDeprecateCallback: The callback argument of protocol module APIs is no longer needed.
(node:113620) ProtocolDeprecateCallback: The callback argument of protocol module APIs is no longer needed.
(node:113620) ProtocolDeprecateCallback: The callback argument of protocol module APIs is no longer needed.
(node:113620) ProtocolDeprecateCallback: The callback argument of protocol module APIs is no longer needed.
(node:113620) ProtocolDeprecateCallback: The callback argument of protocol module APIs is no longer needed.
(node:113620) ProtocolDeprecateCallback: The callback argument of protocol module APIs is no longer needed.
(node:113620) ProtocolDeprecateCallback: The callback argument of protocol module APIs is no longer needed.
(node:113620) MaxListenersExceededWarning: Possible EventEmitter memory leak detected. 11 ecsSettingsUpdated listeners added to [EventEmitter]. Use emitter.setMaxListeners() to increase limit
(node:113620) MaxListenersExceededWarning: Possible EventEmitter memory leak detected. 11 appInitialized listeners added to [EventEmitter]. Use emitter.setMaxListeners() to increase limit
(node:113620) UnhandledPromiseRejectionWarning: undefined
(node:113620) UnhandledPromiseRejectionWarning: Unhandled promise rejection. This error originated either by throwing inside of an async function without a catch block, or by rejecting a promise which was not handled with .catch(). (rejection id: 1)
(node:113620) [DEP0018] DeprecationWarning: Unhandled promise rejections are deprecated. In the future, promise rejections that are not handled will terminate the Node.js process with a non-zero exit code.
