Platform: linux
App path is: /opt/dynalist/resources/
Data path is: /home/umang/.config/Dynalist/dynalist
[App] /opt/dynalist/dynalist
[App] App running, version 1.0.5
[Updater] Checking for updates...
[Updater] https://dynalist.io/standalone/check?platform=linux
[Loader] Trying to load main file from /opt/dynalist/resources/dynalist.asar/main.js
[Loader] Executing main function
[Updater] Downloading package "dynalist" from "https://dynalist.io/standalone/download?file=dynalist-1.4.6.asar.gz"
[Updater] Verifying package "dynalist"
[Updater] Decompressing package "dynalist"
[Updater] Done updating package "dynalist"
[Updater] Done checking for updates.
[Updater] Checking for updates...
[Updater] https://dynalist.io/standalone/check?platform=linux
[Updater] Done checking for updates.
[Updater] Checking for updates...
[Updater] https://dynalist.io/standalone/check?platform=linux
[Updater] Done checking for updates.
[Updater] Checking for updates...
[Updater] https://dynalist.io/standalone/check?platform=linux
[Updater] Done checking for updates.
[Updater] Checking for updates...
[Updater] https://dynalist.io/standalone/check?platform=linux
[Updater] Done checking for updates.
[Updater] Checking for updates...
[Updater] https://dynalist.io/standalone/check?platform=linux
[Updater] Done checking for updates.
[Updater] Checking for updates...
[Updater] https://dynalist.io/standalone/check?platform=linux
[Updater] Done checking for updates.
[Updater] Checking for updates...
[Updater] https://dynalist.io/standalone/check?platform=linux
[Updater] Done checking for updates.
[Updater] Checking for updates...
[Updater] https://dynalist.io/standalone/check?platform=linux
[Updater] Done checking for updates.
[Updater] Checking for updates...
[Updater] https://dynalist.io/standalone/check?platform=linux
[Updater] Done checking for updates.
[Updater] Checking for updates...
[Updater] https://dynalist.io/standalone/check?platform=linux
[Updater] Done checking for updates.
[Updater] Checking for updates...
[Updater] https://dynalist.io/standalone/check?platform=linux
[Updater] Done checking for updates.
[Updater] Checking for updates...
[Updater] https://dynalist.io/standalone/check?platform=linux
[Updater] Done checking for updates.
[Updater] Checking for updates...
[Updater] https://dynalist.io/standalone/check?platform=linux
[Updater] Done checking for updates.
[Updater] Checking for updates...
[Updater] https://dynalist.io/standalone/check?platform=linux
[Updater] Done checking for updates.
[Updater] Checking for updates...
[Updater] https://dynalist.io/standalone/check?platform=linux
[Updater] Done checking for updates.
[Updater] Checking for updates...
[Updater] https://dynalist.io/standalone/check?platform=linux
[Updater] Done checking for updates.
[Updater] Checking for updates...
[Updater] https://dynalist.io/standalone/check?platform=linux
[Updater] Done checking for updates.
[Updater] Checking for updates...
[Updater] https://dynalist.io/standalone/check?platform=linux
[Updater] Done checking for updates.
