0 verbose cli [ '/usr/bin/node', '/usr/bin/npm', 'install', '-g', 'grunt-cli' ]
1 info using npm@7.3.0
2 info using node@v15.5.0
3 timing config:load:defaults Completed in 2ms
4 timing config:load:file:/usr/lib/node_modules/npm/npmrc Completed in 1ms
5 timing config:load:builtin Completed in 1ms
6 timing config:load:cli Completed in 3ms
7 timing config:load:env Completed in 1ms
8 timing config:load:project Completed in 1ms
9 timing config:load:file:/home/umang/.npmrc Completed in 0ms
10 timing config:load:user Completed in 0ms
11 timing config:load:file:/usr/etc/npmrc Completed in 0ms
12 timing config:load:global Completed in 0ms
13 timing config:load:cafile Completed in 1ms
14 timing config:load:validate Completed in 0ms
15 timing config:load:setUserAgent Completed in 1ms
16 timing config:load:setEnvs Completed in 1ms
17 timing config:load Completed in 11ms
18 verbose npm-session d7c04cf0340ba2d8
19 timing npm:load Completed in 22ms
20 timing arborist:ctor Completed in 1ms
21 timing idealTree:init Completed in 10ms
22 timing idealTree:userRequests Completed in 3ms
23 silly idealTree buildDeps
24 silly fetch manifest grunt-cli@*
25 http fetch GET 200 https://registry.npmjs.org/grunt-cli 316ms
26 silly placeDep ROOT grunt-cli@1.3.2 OK for:  want: *
27 silly fetch manifest grunt-known-options@~1.1.0
28 silly fetch manifest interpret@~1.1.0
29 silly fetch manifest liftoff@~2.5.0
30 silly fetch manifest nopt@~4.0.1
31 silly fetch manifest v8flags@~3.1.1
32 http fetch GET 200 https://registry.npmjs.org/grunt-known-options 75ms
33 http fetch GET 200 https://registry.npmjs.org/interpret 162ms
34 http fetch GET 200 https://registry.npmjs.org/nopt 182ms
35 http fetch GET 200 https://registry.npmjs.org/liftoff 207ms
36 http fetch GET 200 https://registry.npmjs.org/v8flags 209ms
37 timing idealTree:#root Completed in 545ms
38 silly placeDep node_modules/grunt-cli grunt-known-options@1.1.1 OK for: grunt-cli@1.3.2 want: ~1.1.0
39 silly placeDep node_modules/grunt-cli interpret@1.1.0 OK for: grunt-cli@1.3.2 want: ~1.1.0
40 silly placeDep node_modules/grunt-cli liftoff@2.5.0 OK for: grunt-cli@1.3.2 want: ~2.5.0
41 silly placeDep node_modules/grunt-cli nopt@4.0.3 OK for: grunt-cli@1.3.2 want: ~4.0.1
42 silly placeDep node_modules/grunt-cli v8flags@3.1.3 OK for: grunt-cli@1.3.2 want: ~3.1.1
43 silly fetch manifest extend@^3.0.0
44 silly fetch manifest findup-sync@^2.0.0
45 silly fetch manifest fined@^1.0.1
46 silly fetch manifest flagged-respawn@^1.0.0
47 silly fetch manifest is-plain-object@^2.0.4
48 silly fetch manifest object.map@^1.0.0
49 silly fetch manifest rechoir@^0.6.2
50 silly fetch manifest resolve@^1.1.7
51 silly fetch manifest abbrev@1
52 silly fetch manifest osenv@^0.1.4
53 silly fetch manifest homedir-polyfill@^1.0.1
54 http fetch GET 200 https://registry.npmjs.org/findup-sync 109ms
55 http fetch GET 200 https://registry.npmjs.org/extend 116ms
56 http fetch GET 200 https://registry.npmjs.org/fined 114ms
57 http fetch GET 200 https://registry.npmjs.org/flagged-respawn 114ms
58 http fetch GET 200 https://registry.npmjs.org/is-plain-object 116ms
59 http fetch GET 200 https://registry.npmjs.org/abbrev 189ms
60 http fetch GET 200 https://registry.npmjs.org/resolve 192ms
61 http fetch GET 200 https://registry.npmjs.org/homedir-polyfill 197ms
62 http fetch GET 200 https://registry.npmjs.org/object.map 207ms
63 http fetch GET 200 https://registry.npmjs.org/rechoir 212ms
64 http fetch GET 200 https://registry.npmjs.org/osenv 212ms
65 timing idealTree:node_modules/grunt-cli Completed in 262ms
66 timing idealTree:node_modules/grunt-cli/node_modules/grunt-known-options Completed in 0ms
67 timing idealTree:node_modules/grunt-cli/node_modules/interpret Completed in 0ms
68 silly placeDep node_modules/grunt-cli extend@3.0.2 OK for: liftoff@2.5.0 want: ^3.0.0
69 silly placeDep node_modules/grunt-cli findup-sync@2.0.0 OK for: liftoff@2.5.0 want: ^2.0.0
70 silly placeDep node_modules/grunt-cli fined@1.2.0 OK for: liftoff@2.5.0 want: ^1.0.1
71 silly placeDep node_modules/grunt-cli flagged-respawn@1.0.1 OK for: liftoff@2.5.0 want: ^1.0.0
72 silly placeDep node_modules/grunt-cli is-plain-object@2.0.4 OK for: liftoff@2.5.0 want: ^2.0.4
73 silly placeDep node_modules/grunt-cli object.map@1.0.1 OK for: liftoff@2.5.0 want: ^1.0.0
74 silly placeDep node_modules/grunt-cli rechoir@0.6.2 OK for: liftoff@2.5.0 want: ^0.6.2
75 silly placeDep node_modules/grunt-cli resolve@1.19.0 OK for: liftoff@2.5.0 want: ^1.1.7
76 silly fetch manifest detect-file@^1.0.0
77 silly fetch manifest is-glob@^3.1.0
78 silly fetch manifest micromatch@^3.0.4
79 silly fetch manifest resolve-dir@^1.0.1
80 silly fetch manifest expand-tilde@^2.0.2
81 silly fetch manifest object.defaults@^1.1.0
82 silly fetch manifest object.pick@^1.2.0
83 silly fetch manifest parse-filepath@^1.0.1
84 silly fetch manifest isobject@^3.0.1
85 silly fetch manifest for-own@^1.0.0
86 silly fetch manifest make-iterator@^1.0.0
87 silly fetch manifest is-core-module@^2.1.0
88 silly fetch manifest path-parse@^1.0.6
89 http fetch GET 200 https://registry.npmjs.org/parse-filepath 106ms
90 http fetch GET 200 https://registry.npmjs.org/isobject 107ms
91 http fetch GET 200 https://registry.npmjs.org/object.defaults 116ms
92 http fetch GET 200 https://registry.npmjs.org/detect-file 129ms
93 http fetch GET 200 https://registry.npmjs.org/object.pick 119ms
94 http fetch GET 200 https://registry.npmjs.org/is-glob 137ms
95 http fetch GET 200 https://registry.npmjs.org/resolve-dir 143ms
96 http fetch GET 200 https://registry.npmjs.org/micromatch 146ms
97 http fetch GET 200 https://registry.npmjs.org/for-own 137ms
98 http fetch GET 200 https://registry.npmjs.org/expand-tilde 149ms
99 http fetch GET 200 https://registry.npmjs.org/make-iterator 139ms
100 http fetch GET 200 https://registry.npmjs.org/path-parse 140ms
101 http fetch GET 200 https://registry.npmjs.org/is-core-module 185ms
102 timing idealTree:node_modules/grunt-cli/node_modules/liftoff Completed in 218ms
103 timing idealTree:node_modules/grunt-cli/node_modules/extend Completed in 0ms
104 silly placeDep node_modules/grunt-cli detect-file@1.0.0 OK for: findup-sync@2.0.0 want: ^1.0.0
105 silly placeDep node_modules/grunt-cli is-glob@3.1.0 OK for: findup-sync@2.0.0 want: ^3.1.0
106 silly placeDep node_modules/grunt-cli micromatch@3.1.10 OK for: findup-sync@2.0.0 want: ^3.0.4
107 silly placeDep node_modules/grunt-cli resolve-dir@1.0.1 OK for: findup-sync@2.0.0 want: ^1.0.1
108 silly fetch manifest is-extglob@^2.1.0
109 silly fetch manifest arr-diff@^4.0.0
110 silly fetch manifest array-unique@^0.3.2
111 silly fetch manifest braces@^2.3.1
112 silly fetch manifest define-property@^2.0.2
113 silly fetch manifest extend-shallow@^3.0.2
114 silly fetch manifest extglob@^2.0.4
115 silly fetch manifest fragment-cache@^0.2.1
116 silly fetch manifest kind-of@^6.0.2
117 silly fetch manifest nanomatch@^1.2.9
118 silly fetch manifest object.pick@^1.3.0
119 silly fetch manifest regex-not@^1.0.0
120 silly fetch manifest snapdragon@^0.8.1
121 silly fetch manifest to-regex@^3.0.2
122 silly fetch manifest expand-tilde@^2.0.0
123 silly fetch manifest global-modules@^1.0.0
124 http fetch GET 200 https://registry.npmjs.org/array-unique 115ms
125 http fetch GET 200 https://registry.npmjs.org/arr-diff 122ms
126 http fetch GET 200 https://registry.npmjs.org/extend-shallow 120ms
127 http fetch GET 200 https://registry.npmjs.org/extglob 126ms
128 http fetch GET 200 https://registry.npmjs.org/define-property 129ms
129 http fetch GET 200 https://registry.npmjs.org/nanomatch 125ms
130 http fetch GET 200 https://registry.npmjs.org/kind-of 127ms
131 http fetch GET 200 https://registry.npmjs.org/braces 132ms
132 http fetch GET 200 https://registry.npmjs.org/regex-not 126ms
133 http fetch GET 200 https://registry.npmjs.org/is-extglob 138ms
134 http fetch GET 200 https://registry.npmjs.org/fragment-cache 147ms
135 http fetch GET 200 https://registry.npmjs.org/snapdragon 145ms
136 http fetch GET 200 https://registry.npmjs.org/to-regex 161ms
137 http fetch GET 200 https://registry.npmjs.org/global-modules 159ms
138 http fetch GET 304 https://registry.npmjs.org/object.pick 168ms (from cache)
139 http fetch GET 304 https://registry.npmjs.org/expand-tilde 165ms (from cache)
140 timing idealTree:node_modules/grunt-cli/node_modules/findup-sync Completed in 187ms
141 timing idealTree:node_modules/grunt-cli/node_modules/detect-file Completed in 0ms
142 silly placeDep node_modules/grunt-cli expand-tilde@2.0.2 OK for: fined@1.2.0 want: ^2.0.2
143 silly placeDep node_modules/grunt-cli object.defaults@1.1.0 OK for: fined@1.2.0 want: ^1.1.0
144 silly placeDep node_modules/grunt-cli object.pick@1.3.0 OK for: fined@1.2.0 want: ^1.2.0
145 silly placeDep node_modules/grunt-cli parse-filepath@1.0.2 OK for: fined@1.2.0 want: ^1.0.1
146 silly fetch manifest array-each@^1.0.1
147 silly fetch manifest array-slice@^1.0.0
148 silly fetch manifest isobject@^3.0.0
149 silly fetch manifest is-absolute@^1.0.0
150 silly fetch manifest map-cache@^0.2.0
151 silly fetch manifest path-root@^0.1.1
152 http fetch GET 200 https://registry.npmjs.org/path-root 79ms
153 http fetch GET 200 https://registry.npmjs.org/map-cache 82ms
154 http fetch GET 200 https://registry.npmjs.org/array-slice 88ms
155 http fetch GET 200 https://registry.npmjs.org/array-each 94ms
156 http fetch GET 200 https://registry.npmjs.org/is-absolute 92ms
157 http fetch GET 304 https://registry.npmjs.org/isobject 95ms (from cache)
158 timing idealTree:node_modules/grunt-cli/node_modules/fined Completed in 102ms
159 silly placeDep node_modules/grunt-cli homedir-polyfill@1.0.3 OK for: expand-tilde@2.0.2 want: ^1.0.1
160 silly fetch manifest parse-passwd@^1.0.0
161 http fetch GET 200 https://registry.npmjs.org/parse-passwd 73ms
162 timing idealTree:node_modules/grunt-cli/node_modules/expand-tilde Completed in 77ms
163 timing idealTree:node_modules/grunt-cli/node_modules/flagged-respawn Completed in 0ms
164 silly placeDep node_modules/grunt-cli parse-passwd@1.0.0 OK for: homedir-polyfill@1.0.3 want: ^1.0.0
165 timing idealTree:node_modules/grunt-cli/node_modules/homedir-polyfill Completed in 1ms
166 silly placeDep node_modules/grunt-cli is-extglob@2.1.1 OK for: is-glob@3.1.0 want: ^2.1.0
167 timing idealTree:node_modules/grunt-cli/node_modules/is-glob Completed in 0ms
168 timing idealTree:node_modules/grunt-cli/node_modules/is-extglob Completed in 0ms
169 silly placeDep node_modules/grunt-cli isobject@3.0.1 OK for: is-plain-object@2.0.4 want: ^3.0.1
170 timing idealTree:node_modules/grunt-cli/node_modules/is-plain-object Completed in 1ms
171 timing idealTree:node_modules/grunt-cli/node_modules/isobject Completed in 0ms
172 silly placeDep node_modules/grunt-cli arr-diff@4.0.0 OK for: micromatch@3.1.10 want: ^4.0.0
173 silly placeDep node_modules/grunt-cli array-unique@0.3.2 OK for: micromatch@3.1.10 want: ^0.3.2
174 silly placeDep node_modules/grunt-cli braces@2.3.2 OK for: micromatch@3.1.10 want: ^2.3.1
175 silly placeDep node_modules/grunt-cli define-property@2.0.2 OK for: micromatch@3.1.10 want: ^2.0.2
176 silly placeDep node_modules/grunt-cli extend-shallow@3.0.2 OK for: micromatch@3.1.10 want: ^3.0.2
177 silly placeDep node_modules/grunt-cli extglob@2.0.4 OK for: micromatch@3.1.10 want: ^2.0.4
178 silly placeDep node_modules/grunt-cli fragment-cache@0.2.1 OK for: micromatch@3.1.10 want: ^0.2.1
179 silly placeDep node_modules/grunt-cli kind-of@6.0.3 OK for: micromatch@3.1.10 want: ^6.0.2
180 silly placeDep node_modules/grunt-cli nanomatch@1.2.13 OK for: micromatch@3.1.10 want: ^1.2.9
181 silly placeDep node_modules/grunt-cli regex-not@1.0.2 OK for: micromatch@3.1.10 want: ^1.0.0
182 silly placeDep node_modules/grunt-cli snapdragon@0.8.2 OK for: micromatch@3.1.10 want: ^0.8.1
183 silly placeDep node_modules/grunt-cli to-regex@3.0.2 OK for: micromatch@3.1.10 want: ^3.0.2
184 silly fetch manifest arr-flatten@^1.1.0
185 silly fetch manifest extend-shallow@^2.0.1
186 silly fetch manifest fill-range@^4.0.0
187 silly fetch manifest repeat-element@^1.1.2
188 silly fetch manifest snapdragon-node@^2.0.1
189 silly fetch manifest split-string@^3.0.2
190 silly fetch manifest is-descriptor@^1.0.2
191 silly fetch manifest assign-symbols@^1.0.0
192 silly fetch manifest is-extendable@^1.0.1
193 silly fetch manifest define-property@^1.0.0
194 silly fetch manifest expand-brackets@^2.1.4
195 silly fetch manifest map-cache@^0.2.2
196 silly fetch manifest is-windows@^1.0.2
197 silly fetch manifest safe-regex@^1.1.0
198 silly fetch manifest base@^0.11.1
199 silly fetch manifest debug@^2.2.0
200 silly fetch manifest define-property@^0.2.5
201 silly fetch manifest source-map@^0.5.6
202 silly fetch manifest source-map-resolve@^0.5.0
203 silly fetch manifest use@^3.1.0
204 http fetch GET 200 https://registry.npmjs.org/arr-flatten 137ms
205 http fetch GET 200 https://registry.npmjs.org/snapdragon-node 134ms
206 http fetch GET 200 https://registry.npmjs.org/fill-range 138ms
207 http fetch GET 200 https://registry.npmjs.org/assign-symbols 137ms
208 http fetch GET 200 https://registry.npmjs.org/is-descriptor 140ms
209 http fetch GET 200 https://registry.npmjs.org/repeat-element 143ms
210 http fetch GET 200 https://registry.npmjs.org/expand-brackets 137ms
211 http fetch GET 200 https://registry.npmjs.org/safe-regex 134ms
212 http fetch GET 200 https://registry.npmjs.org/is-windows 138ms
213 http fetch GET 200 https://registry.npmjs.org/split-string 147ms
214 http fetch GET 200 https://registry.npmjs.org/is-extendable 145ms
215 http fetch GET 200 https://registry.npmjs.org/base 129ms
216 http fetch GET 200 https://registry.npmjs.org/use 137ms
217 http fetch GET 200 https://registry.npmjs.org/source-map-resolve 140ms
218 http fetch GET 200 https://registry.npmjs.org/source-map 164ms
219 http fetch GET 200 https://registry.npmjs.org/debug 178ms
220 http fetch GET 304 https://registry.npmjs.org/map-cache 197ms (from cache)
221 http fetch GET 304 https://registry.npmjs.org/define-property 202ms (from cache)
222 http fetch GET 304 https://registry.npmjs.org/extend-shallow 212ms (from cache)
223 http fetch GET 304 https://registry.npmjs.org/define-property 189ms (from cache)
224 timing idealTree:node_modules/grunt-cli/node_modules/micromatch Completed in 232ms
225 timing idealTree:node_modules/grunt-cli/node_modules/arr-diff Completed in 0ms
226 timing idealTree:node_modules/grunt-cli/node_modules/array-unique Completed in 0ms
227 silly placeDep node_modules/grunt-cli arr-flatten@1.1.0 OK for: braces@2.3.2 want: ^1.1.0
228 silly placeDep node_modules/grunt-cli/node_modules/braces extend-shallow@2.0.1 OK for: braces@2.3.2 want: ^2.0.1
229 silly placeDep node_modules/grunt-cli fill-range@4.0.0 OK for: braces@2.3.2 want: ^4.0.0
230 silly placeDep node_modules/grunt-cli repeat-element@1.1.3 OK for: braces@2.3.2 want: ^1.1.2
231 silly placeDep node_modules/grunt-cli snapdragon-node@2.1.1 OK for: braces@2.3.2 want: ^2.0.1
232 silly placeDep node_modules/grunt-cli split-string@3.1.0 OK for: braces@2.3.2 want: ^3.0.2
233 silly fetch manifest is-extendable@^0.1.0
234 silly fetch manifest is-number@^3.0.0
235 silly fetch manifest repeat-string@^1.6.1
236 silly fetch manifest to-regex-range@^2.1.0
237 silly fetch manifest snapdragon-util@^3.0.1
238 http fetch GET 304 https://registry.npmjs.org/is-extendable 85ms (from cache)
239 http fetch GET 200 https://registry.npmjs.org/to-regex-range 88ms
240 http fetch GET 200 https://registry.npmjs.org/repeat-string 93ms
241 http fetch GET 200 https://registry.npmjs.org/is-number 96ms
242 http fetch GET 200 https://registry.npmjs.org/snapdragon-util 94ms
243 timing idealTree:node_modules/grunt-cli/node_modules/braces Completed in 107ms
244 timing idealTree:node_modules/grunt-cli/node_modules/arr-flatten Completed in 0ms
245 silly placeDep node_modules/grunt-cli is-descriptor@1.0.2 OK for: define-property@2.0.2 want: ^1.0.2
246 silly fetch manifest is-accessor-descriptor@^1.0.0
247 silly fetch manifest is-data-descriptor@^1.0.0
248 http fetch GET 200 https://registry.npmjs.org/is-data-descriptor 71ms
249 http fetch GET 200 https://registry.npmjs.org/is-accessor-descriptor 73ms
250 timing idealTree:node_modules/grunt-cli/node_modules/define-property Completed in 76ms
251 silly placeDep node_modules/grunt-cli assign-symbols@1.0.0 OK for: extend-shallow@3.0.2 want: ^1.0.0
252 silly placeDep node_modules/grunt-cli is-extendable@1.0.1 OK for: extend-shallow@3.0.2 want: ^1.0.1
253 timing idealTree:node_modules/grunt-cli/node_modules/extend-shallow Completed in 3ms
254 timing idealTree:node_modules/grunt-cli/node_modules/assign-symbols Completed in 0ms
255 silly placeDep node_modules/grunt-cli/node_modules/extglob define-property@1.0.0 OK for: extglob@2.0.4 want: ^1.0.0
256 silly placeDep node_modules/grunt-cli expand-brackets@2.1.4 OK for: extglob@2.0.4 want: ^2.1.4
257 silly placeDep node_modules/grunt-cli/node_modules/extglob extend-shallow@2.0.1 OK for: extglob@2.0.4 want: ^2.0.1
258 silly fetch manifest debug@^2.3.3
259 silly fetch manifest posix-character-classes@^0.1.0
260 http fetch GET 200 https://registry.npmjs.org/posix-character-classes 64ms
261 http fetch GET 304 https://registry.npmjs.org/debug 92ms (from cache)
262 timing idealTree:node_modules/grunt-cli/node_modules/extglob Completed in 101ms
263 silly placeDep node_modules/grunt-cli debug@2.6.9 OK for: expand-brackets@2.1.4 want: ^2.3.3
264 silly placeDep node_modules/grunt-cli/node_modules/expand-brackets define-property@0.2.5 OK for: expand-brackets@2.1.4 want: ^0.2.5
265 silly placeDep node_modules/grunt-cli/node_modules/expand-brackets extend-shallow@2.0.1 OK for: expand-brackets@2.1.4 want: ^2.0.1
266 silly placeDep node_modules/grunt-cli posix-character-classes@0.1.1 OK for: expand-brackets@2.1.4 want: ^0.1.0
267 silly fetch manifest ms@2.0.0
268 silly fetch manifest is-descriptor@^0.1.0
269 http fetch GET 200 https://registry.npmjs.org/ms 91ms
270 http fetch GET 304 https://registry.npmjs.org/is-descriptor 90ms (from cache)
271 timing idealTree:node_modules/grunt-cli/node_modules/expand-brackets Completed in 100ms
272 silly placeDep node_modules/grunt-cli ms@2.0.0 OK for: debug@2.6.9 want: 2.0.0
273 timing idealTree:node_modules/grunt-cli/node_modules/debug Completed in 2ms
274 silly placeDep node_modules/grunt-cli/node_modules/fill-range extend-shallow@2.0.1 OK for: fill-range@4.0.0 want: ^2.0.1
275 silly placeDep node_modules/grunt-cli is-number@3.0.0 OK for: fill-range@4.0.0 want: ^3.0.0
276 silly placeDep node_modules/grunt-cli repeat-string@1.6.1 OK for: fill-range@4.0.0 want: ^1.6.1
277 silly placeDep node_modules/grunt-cli to-regex-range@2.1.1 OK for: fill-range@4.0.0 want: ^2.1.0
278 silly fetch manifest kind-of@^3.0.2
279 http fetch GET 304 https://registry.npmjs.org/kind-of 73ms (from cache)
280 timing idealTree:node_modules/grunt-cli/node_modules/fill-range Completed in 83ms
281 silly placeDep node_modules/grunt-cli map-cache@0.2.2 OK for: fragment-cache@0.2.1 want: ^0.2.2
282 timing idealTree:node_modules/grunt-cli/node_modules/fragment-cache Completed in 2ms
283 silly placeDep node_modules/grunt-cli is-accessor-descriptor@1.0.0 OK for: is-descriptor@1.0.2 want: ^1.0.0
284 silly placeDep node_modules/grunt-cli is-data-descriptor@1.0.0 OK for: is-descriptor@1.0.2 want: ^1.0.0
285 timing idealTree:node_modules/grunt-cli/node_modules/is-descriptor Completed in 3ms
286 timing idealTree:node_modules/grunt-cli/node_modules/is-accessor-descriptor Completed in 0ms
287 timing idealTree:node_modules/grunt-cli/node_modules/is-data-descriptor Completed in 0ms
288 timing idealTree:node_modules/grunt-cli/node_modules/is-extendable Completed in 0ms
289 silly placeDep node_modules/grunt-cli/node_modules/is-number kind-of@3.2.2 OK for: is-number@3.0.0 want: ^3.0.2
290 silly fetch manifest is-buffer@^1.1.5
291 http fetch GET 200 https://registry.npmjs.org/is-buffer 80ms
292 timing idealTree:node_modules/grunt-cli/node_modules/is-number Completed in 85ms
293 timing idealTree:node_modules/grunt-cli/node_modules/kind-of Completed in 0ms
294 timing idealTree:node_modules/grunt-cli/node_modules/map-cache Completed in 0ms
295 timing idealTree:node_modules/grunt-cli/node_modules/ms Completed in 0ms
296 silly placeDep node_modules/grunt-cli is-windows@1.0.2 OK for: nanomatch@1.2.13 want: ^1.0.2
297 timing idealTree:node_modules/grunt-cli/node_modules/nanomatch Completed in 2ms
298 timing idealTree:node_modules/grunt-cli/node_modules/is-windows Completed in 0ms
299 silly placeDep node_modules/grunt-cli abbrev@1.1.1 OK for: nopt@4.0.3 want: 1
300 silly placeDep node_modules/grunt-cli osenv@0.1.5 OK for: nopt@4.0.3 want: ^0.1.4
301 silly fetch manifest os-homedir@^1.0.0
302 silly fetch manifest os-tmpdir@^1.0.0
303 http fetch GET 200 https://registry.npmjs.org/os-tmpdir 69ms
304 http fetch GET 200 https://registry.npmjs.org/os-homedir 72ms
305 timing idealTree:node_modules/grunt-cli/node_modules/nopt Completed in 77ms
306 timing idealTree:node_modules/grunt-cli/node_modules/abbrev Completed in 0ms
307 silly placeDep node_modules/grunt-cli array-each@1.0.1 OK for: object.defaults@1.1.0 want: ^1.0.1
308 silly placeDep node_modules/grunt-cli array-slice@1.1.0 OK for: object.defaults@1.1.0 want: ^1.0.0
309 silly placeDep node_modules/grunt-cli for-own@1.0.0 OK for: object.defaults@1.1.0 want: ^1.0.0
310 silly fetch manifest for-in@^1.0.1
311 http fetch GET 200 https://registry.npmjs.org/for-in 69ms
312 timing idealTree:node_modules/grunt-cli/node_modules/object.defaults Completed in 76ms
313 timing idealTree:node_modules/grunt-cli/node_modules/array-each Completed in 0ms
314 timing idealTree:node_modules/grunt-cli/node_modules/array-slice Completed in 0ms
315 silly placeDep node_modules/grunt-cli for-in@1.0.2 OK for: for-own@1.0.0 want: ^1.0.1
316 timing idealTree:node_modules/grunt-cli/node_modules/for-own Completed in 1ms
317 timing idealTree:node_modules/grunt-cli/node_modules/for-in Completed in 0ms
318 silly placeDep node_modules/grunt-cli make-iterator@1.0.1 OK for: object.map@1.0.1 want: ^1.0.0
319 timing idealTree:node_modules/grunt-cli/node_modules/object.map Completed in 2ms
320 timing idealTree:node_modules/grunt-cli/node_modules/make-iterator Completed in 1ms
321 timing idealTree:node_modules/grunt-cli/node_modules/object.pick Completed in 0ms
322 silly placeDep node_modules/grunt-cli os-homedir@1.0.2 OK for: osenv@0.1.5 want: ^1.0.0
323 silly placeDep node_modules/grunt-cli os-tmpdir@1.0.2 OK for: osenv@0.1.5 want: ^1.0.0
324 timing idealTree:node_modules/grunt-cli/node_modules/osenv Completed in 1ms
325 timing idealTree:node_modules/grunt-cli/node_modules/os-homedir Completed in 0ms
326 timing idealTree:node_modules/grunt-cli/node_modules/os-tmpdir Completed in 0ms
327 silly placeDep node_modules/grunt-cli is-absolute@1.0.0 OK for: parse-filepath@1.0.2 want: ^1.0.0
328 silly placeDep node_modules/grunt-cli path-root@0.1.1 OK for: parse-filepath@1.0.2 want: ^0.1.1
329 silly fetch manifest is-relative@^1.0.0
330 silly fetch manifest path-root-regex@^0.1.0
331 http fetch GET 200 https://registry.npmjs.org/is-relative 77ms
332 http fetch GET 200 https://registry.npmjs.org/path-root-regex 78ms
333 timing idealTree:node_modules/grunt-cli/node_modules/parse-filepath Completed in 84ms
334 silly placeDep node_modules/grunt-cli is-relative@1.0.0 OK for: is-absolute@1.0.0 want: ^1.0.0
335 silly fetch manifest is-unc-path@^1.0.0
336 http fetch GET 200 https://registry.npmjs.org/is-unc-path 78ms
337 timing idealTree:node_modules/grunt-cli/node_modules/is-absolute Completed in 80ms
338 silly placeDep node_modules/grunt-cli is-unc-path@1.0.0 OK for: is-relative@1.0.0 want: ^1.0.0
339 silly fetch manifest unc-path-regex@^0.1.2
340 http fetch GET 200 https://registry.npmjs.org/unc-path-regex 65ms
341 timing idealTree:node_modules/grunt-cli/node_modules/is-relative Completed in 69ms
342 silly placeDep node_modules/grunt-cli unc-path-regex@0.1.2 OK for: is-unc-path@1.0.0 want: ^0.1.2
343 timing idealTree:node_modules/grunt-cli/node_modules/is-unc-path Completed in 1ms
344 timing idealTree:node_modules/grunt-cli/node_modules/parse-passwd Completed in 0ms
345 silly placeDep node_modules/grunt-cli path-root-regex@0.1.2 OK for: path-root@0.1.1 want: ^0.1.0
346 timing idealTree:node_modules/grunt-cli/node_modules/path-root Completed in 1ms
347 timing idealTree:node_modules/grunt-cli/node_modules/path-root-regex Completed in 0ms
348 timing idealTree:node_modules/grunt-cli/node_modules/posix-character-classes Completed in 0ms
349 timing idealTree:node_modules/grunt-cli/node_modules/rechoir Completed in 0ms
350 silly placeDep node_modules/grunt-cli safe-regex@1.1.0 OK for: regex-not@1.0.2 want: ^1.1.0
351 silly fetch manifest ret@~0.1.10
352 http fetch GET 200 https://registry.npmjs.org/ret 126ms
353 timing idealTree:node_modules/grunt-cli/node_modules/regex-not Completed in 130ms
354 timing idealTree:node_modules/grunt-cli/node_modules/repeat-element Completed in 0ms
355 timing idealTree:node_modules/grunt-cli/node_modules/repeat-string Completed in 0ms
356 silly placeDep node_modules/grunt-cli is-core-module@2.2.0 OK for: resolve@1.19.0 want: ^2.1.0
357 silly placeDep node_modules/grunt-cli path-parse@1.0.6 OK for: resolve@1.19.0 want: ^1.0.6
358 silly fetch manifest has@^1.0.3
359 http fetch GET 200 https://registry.npmjs.org/has 67ms
360 timing idealTree:node_modules/grunt-cli/node_modules/resolve Completed in 71ms
361 silly placeDep node_modules/grunt-cli has@1.0.3 OK for: is-core-module@2.2.0 want: ^1.0.3
362 silly fetch manifest function-bind@^1.1.1
363 http fetch GET 200 https://registry.npmjs.org/function-bind 74ms
364 timing idealTree:node_modules/grunt-cli/node_modules/is-core-module Completed in 77ms
365 silly placeDep node_modules/grunt-cli function-bind@1.1.1 OK for: has@1.0.3 want: ^1.1.1
366 timing idealTree:node_modules/grunt-cli/node_modules/has Completed in 1ms
367 timing idealTree:node_modules/grunt-cli/node_modules/function-bind Completed in 0ms
368 timing idealTree:node_modules/grunt-cli/node_modules/path-parse Completed in 0ms
369 silly placeDep node_modules/grunt-cli global-modules@1.0.0 OK for: resolve-dir@1.0.1 want: ^1.0.0
370 silly fetch manifest global-prefix@^1.0.1
371 http fetch GET 200 https://registry.npmjs.org/global-prefix 63ms
372 timing idealTree:node_modules/grunt-cli/node_modules/resolve-dir Completed in 67ms
373 silly placeDep node_modules/grunt-cli global-prefix@1.0.2 OK for: global-modules@1.0.0 want: ^1.0.1
374 silly fetch manifest ini@^1.3.4
375 silly fetch manifest which@^1.2.14
376 http fetch GET 200 https://registry.npmjs.org/ini 66ms
377 http fetch GET 200 https://registry.npmjs.org/which 85ms
378 timing idealTree:node_modules/grunt-cli/node_modules/global-modules Completed in 94ms
379 silly placeDep node_modules/grunt-cli ini@1.3.8 OK for: global-prefix@1.0.2 want: ^1.3.4
380 silly placeDep node_modules/grunt-cli which@1.3.1 OK for: global-prefix@1.0.2 want: ^1.2.14
381 silly fetch manifest isexe@^2.0.0
382 http fetch GET 200 https://registry.npmjs.org/isexe 67ms
383 timing idealTree:node_modules/grunt-cli/node_modules/global-prefix Completed in 74ms
384 timing idealTree:node_modules/grunt-cli/node_modules/ini Completed in 0ms
385 silly placeDep node_modules/grunt-cli ret@0.1.15 OK for: safe-regex@1.1.0 want: ~0.1.10
386 timing idealTree:node_modules/grunt-cli/node_modules/safe-regex Completed in 1ms
387 timing idealTree:node_modules/grunt-cli/node_modules/ret Completed in 0ms
388 silly placeDep node_modules/grunt-cli base@0.11.2 OK for: snapdragon@0.8.2 want: ^0.11.1
389 silly placeDep node_modules/grunt-cli/node_modules/snapdragon define-property@0.2.5 OK for: snapdragon@0.8.2 want: ^0.2.5
390 silly placeDep node_modules/grunt-cli/node_modules/snapdragon extend-shallow@2.0.1 OK for: snapdragon@0.8.2 want: ^2.0.1
391 silly placeDep node_modules/grunt-cli source-map@0.5.7 OK for: snapdragon@0.8.2 want: ^0.5.6
392 silly placeDep node_modules/grunt-cli source-map-resolve@0.5.3 OK for: snapdragon@0.8.2 want: ^0.5.0
393 silly placeDep node_modules/grunt-cli use@3.1.1 OK for: snapdragon@0.8.2 want: ^3.1.0
394 silly fetch manifest cache-base@^1.0.1
395 silly fetch manifest class-utils@^0.3.5
396 silly fetch manifest component-emitter@^1.2.1
397 silly fetch manifest mixin-deep@^1.2.0
398 silly fetch manifest pascalcase@^0.1.1
399 silly fetch manifest atob@^2.1.2
400 silly fetch manifest decode-uri-component@^0.2.0
401 silly fetch manifest resolve-url@^0.2.1
402 silly fetch manifest source-map-url@^0.4.0
403 silly fetch manifest urix@^0.1.0
404 http fetch GET 200 https://registry.npmjs.org/class-utils 80ms
405 http fetch GET 200 https://registry.npmjs.org/mixin-deep 111ms
406 http fetch GET 200 https://registry.npmjs.org/component-emitter 112ms
407 http fetch GET 200 https://registry.npmjs.org/source-map-url 107ms
408 http fetch GET 200 https://registry.npmjs.org/resolve-url 112ms
409 http fetch GET 200 https://registry.npmjs.org/pascalcase 117ms
410 http fetch GET 200 https://registry.npmjs.org/urix 114ms
411 http fetch GET 200 https://registry.npmjs.org/decode-uri-component 123ms
412 http fetch GET 200 https://registry.npmjs.org/cache-base 129ms
413 http fetch GET 200 https://registry.npmjs.org/atob 126ms
414 timing idealTree:node_modules/grunt-cli/node_modules/snapdragon Completed in 137ms
415 silly placeDep node_modules/grunt-cli cache-base@1.0.1 OK for: base@0.11.2 want: ^1.0.1
416 silly placeDep node_modules/grunt-cli class-utils@0.3.6 OK for: base@0.11.2 want: ^0.3.5
417 silly placeDep node_modules/grunt-cli component-emitter@1.3.0 OK for: base@0.11.2 want: ^1.2.1
418 silly placeDep node_modules/grunt-cli/node_modules/base define-property@1.0.0 OK for: base@0.11.2 want: ^1.0.0
419 silly placeDep node_modules/grunt-cli mixin-deep@1.3.2 OK for: base@0.11.2 want: ^1.2.0
420 silly placeDep node_modules/grunt-cli pascalcase@0.1.1 OK for: base@0.11.2 want: ^0.1.1
421 silly fetch manifest collection-visit@^1.0.0
422 silly fetch manifest get-value@^2.0.6
423 silly fetch manifest has-value@^1.0.0
424 silly fetch manifest set-value@^2.0.0
425 silly fetch manifest to-object-path@^0.3.0
426 silly fetch manifest union-value@^1.0.0
427 silly fetch manifest unset-value@^1.0.0
428 silly fetch manifest arr-union@^3.1.0
429 silly fetch manifest static-extend@^0.1.1
430 http fetch GET 200 https://registry.npmjs.org/has-value 91ms
431 http fetch GET 200 https://registry.npmjs.org/set-value 93ms
432 http fetch GET 200 https://registry.npmjs.org/collection-visit 98ms
433 http fetch GET 200 https://registry.npmjs.org/get-value 103ms
434 http fetch GET 200 https://registry.npmjs.org/union-value 102ms
435 http fetch GET 200 https://registry.npmjs.org/unset-value 103ms
436 http fetch GET 200 https://registry.npmjs.org/static-extend 103ms
437 http fetch GET 200 https://registry.npmjs.org/to-object-path 108ms
438 http fetch GET 200 https://registry.npmjs.org/arr-union 109ms
439 timing idealTree:node_modules/grunt-cli/node_modules/base Completed in 125ms
440 silly placeDep node_modules/grunt-cli collection-visit@1.0.0 OK for: cache-base@1.0.1 want: ^1.0.0
441 silly placeDep node_modules/grunt-cli get-value@2.0.6 OK for: cache-base@1.0.1 want: ^2.0.6
442 silly placeDep node_modules/grunt-cli has-value@1.0.0 OK for: cache-base@1.0.1 want: ^1.0.0
443 silly placeDep node_modules/grunt-cli set-value@2.0.1 OK for: cache-base@1.0.1 want: ^2.0.0
444 silly placeDep node_modules/grunt-cli to-object-path@0.3.0 OK for: cache-base@1.0.1 want: ^0.3.0
445 silly placeDep node_modules/grunt-cli union-value@1.0.1 OK for: cache-base@1.0.1 want: ^1.0.0
446 silly placeDep node_modules/grunt-cli unset-value@1.0.0 OK for: cache-base@1.0.1 want: ^1.0.0
447 silly fetch manifest map-visit@^1.0.0
448 silly fetch manifest object-visit@^1.0.0
449 silly fetch manifest has-values@^1.0.0
450 silly fetch manifest is-extendable@^0.1.1
451 silly fetch manifest has-value@^0.3.1
452 http fetch GET 200 https://registry.npmjs.org/has-values 81ms
453 http fetch GET 200 https://registry.npmjs.org/map-visit 86ms
454 http fetch GET 304 https://registry.npmjs.org/is-extendable 86ms (from cache)
455 http fetch GET 200 https://registry.npmjs.org/object-visit 91ms
456 http fetch GET 304 https://registry.npmjs.org/has-value 90ms (from cache)
457 timing idealTree:node_modules/grunt-cli/node_modules/cache-base Completed in 102ms
458 silly placeDep node_modules/grunt-cli arr-union@3.1.0 OK for: class-utils@0.3.6 want: ^3.1.0
459 silly placeDep node_modules/grunt-cli/node_modules/class-utils define-property@0.2.5 OK for: class-utils@0.3.6 want: ^0.2.5
460 silly placeDep node_modules/grunt-cli static-extend@0.1.2 OK for: class-utils@0.3.6 want: ^0.1.1
461 silly fetch manifest object-copy@^0.1.0
462 http fetch GET 200 https://registry.npmjs.org/object-copy 66ms
463 timing idealTree:node_modules/grunt-cli/node_modules/class-utils Completed in 71ms
464 timing idealTree:node_modules/grunt-cli/node_modules/arr-union Completed in 0ms
465 silly placeDep node_modules/grunt-cli map-visit@1.0.0 OK for: collection-visit@1.0.0 want: ^1.0.0
466 silly placeDep node_modules/grunt-cli object-visit@1.0.1 OK for: collection-visit@1.0.0 want: ^1.0.0
467 timing idealTree:node_modules/grunt-cli/node_modules/collection-visit Completed in 2ms
468 timing idealTree:node_modules/grunt-cli/node_modules/component-emitter Completed in 0ms
469 timing idealTree:node_modules/grunt-cli/node_modules/get-value Completed in 0ms
470 silly placeDep node_modules/grunt-cli has-values@1.0.0 OK for: has-value@1.0.0 want: ^1.0.0
471 silly fetch manifest kind-of@^4.0.0
472 http fetch GET 304 https://registry.npmjs.org/kind-of 66ms (from cache)
473 timing idealTree:node_modules/grunt-cli/node_modules/has-value Completed in 72ms
474 silly placeDep node_modules/grunt-cli/node_modules/has-values kind-of@4.0.0 OK for: has-values@1.0.0 want: ^4.0.0
475 timing idealTree:node_modules/grunt-cli/node_modules/has-values Completed in 3ms
476 timing idealTree:node_modules/grunt-cli/node_modules/map-visit Completed in 0ms
477 timing idealTree:node_modules/grunt-cli/node_modules/mixin-deep Completed in 0ms
478 timing idealTree:node_modules/grunt-cli/node_modules/object-visit Completed in 0ms
479 timing idealTree:node_modules/grunt-cli/node_modules/pascalcase Completed in 0ms
480 silly placeDep node_modules/grunt-cli/node_modules/set-value extend-shallow@2.0.1 OK for: set-value@2.0.1 want: ^2.0.1
481 silly placeDep node_modules/grunt-cli/node_modules/set-value is-extendable@0.1.1 OK for: set-value@2.0.1 want: ^0.1.1
482 timing idealTree:node_modules/grunt-cli/node_modules/set-value Completed in 2ms
483 silly placeDep node_modules/grunt-cli/node_modules/snapdragon-node define-property@1.0.0 OK for: snapdragon-node@2.1.1 want: ^1.0.0
484 silly placeDep node_modules/grunt-cli snapdragon-util@3.0.1 OK for: snapdragon-node@2.1.1 want: ^3.0.1
485 silly fetch manifest kind-of@^3.2.0
486 http fetch GET 304 https://registry.npmjs.org/kind-of 78ms (from cache)
487 timing idealTree:node_modules/grunt-cli/node_modules/snapdragon-node Completed in 82ms
488 silly placeDep node_modules/grunt-cli/node_modules/snapdragon-util kind-of@3.2.2 OK for: snapdragon-util@3.0.1 want: ^3.2.0
489 timing idealTree:node_modules/grunt-cli/node_modules/snapdragon-util Completed in 1ms
490 timing idealTree:node_modules/grunt-cli/node_modules/source-map Completed in 0ms
491 silly placeDep node_modules/grunt-cli atob@2.1.2 OK for: source-map-resolve@0.5.3 want: ^2.1.2
492 silly placeDep node_modules/grunt-cli decode-uri-component@0.2.0 OK for: source-map-resolve@0.5.3 want: ^0.2.0
493 silly placeDep node_modules/grunt-cli resolve-url@0.2.1 OK for: source-map-resolve@0.5.3 want: ^0.2.1
494 silly placeDep node_modules/grunt-cli source-map-url@0.4.0 OK for: source-map-resolve@0.5.3 want: ^0.4.0
495 silly placeDep node_modules/grunt-cli urix@0.1.0 OK for: source-map-resolve@0.5.3 want: ^0.1.0
496 timing idealTree:node_modules/grunt-cli/node_modules/source-map-resolve Completed in 3ms
497 timing idealTree:node_modules/grunt-cli/node_modules/atob Completed in 0ms
498 timing idealTree:node_modules/grunt-cli/node_modules/decode-uri-component Completed in 0ms
499 timing idealTree:node_modules/grunt-cli/node_modules/resolve-url Completed in 0ms
500 timing idealTree:node_modules/grunt-cli/node_modules/source-map-url Completed in 0ms
501 timing idealTree:node_modules/grunt-cli/node_modules/split-string Completed in 0ms
502 silly placeDep node_modules/grunt-cli/node_modules/static-extend define-property@0.2.5 OK for: static-extend@0.1.2 want: ^0.2.5
503 silly placeDep node_modules/grunt-cli object-copy@0.1.0 OK for: static-extend@0.1.2 want: ^0.1.0
504 silly fetch manifest copy-descriptor@^0.1.0
505 silly fetch manifest kind-of@^3.0.3
506 http fetch GET 304 https://registry.npmjs.org/kind-of 76ms (from cache)
507 http fetch GET 200 https://registry.npmjs.org/copy-descriptor 81ms
508 timing idealTree:node_modules/grunt-cli/node_modules/static-extend Completed in 84ms
509 silly placeDep node_modules/grunt-cli copy-descriptor@0.1.1 OK for: object-copy@0.1.0 want: ^0.1.0
510 silly placeDep node_modules/grunt-cli/node_modules/object-copy define-property@0.2.5 OK for: object-copy@0.1.0 want: ^0.2.5
511 silly placeDep node_modules/grunt-cli/node_modules/object-copy kind-of@3.2.2 OK for: object-copy@0.1.0 want: ^3.0.3
512 timing idealTree:node_modules/grunt-cli/node_modules/object-copy Completed in 2ms
513 timing idealTree:node_modules/grunt-cli/node_modules/copy-descriptor Completed in 0ms
514 silly placeDep node_modules/grunt-cli/node_modules/to-object-path kind-of@3.2.2 OK for: to-object-path@0.3.0 want: ^3.0.2
515 timing idealTree:node_modules/grunt-cli/node_modules/to-object-path Completed in 1ms
516 timing idealTree:node_modules/grunt-cli/node_modules/to-regex Completed in 0ms
517 timing idealTree:node_modules/grunt-cli/node_modules/to-regex-range Completed in 1ms
518 timing idealTree:node_modules/grunt-cli/node_modules/unc-path-regex Completed in 0ms
519 silly placeDep node_modules/grunt-cli/node_modules/union-value is-extendable@0.1.1 OK for: union-value@1.0.1 want: ^0.1.1
520 timing idealTree:node_modules/grunt-cli/node_modules/union-value Completed in 0ms
521 silly placeDep node_modules/grunt-cli/node_modules/unset-value has-value@0.3.1 OK for: unset-value@1.0.0 want: ^0.3.1
522 silly fetch manifest has-values@^0.1.4
523 silly fetch manifest isobject@^2.0.0
524 http fetch GET 304 https://registry.npmjs.org/isobject 86ms (from cache)
525 http fetch GET 304 https://registry.npmjs.org/has-values 89ms (from cache)
526 timing idealTree:node_modules/grunt-cli/node_modules/unset-value Completed in 92ms
527 timing idealTree:node_modules/grunt-cli/node_modules/urix Completed in 0ms
528 timing idealTree:node_modules/grunt-cli/node_modules/use Completed in 0ms
529 timing idealTree:node_modules/grunt-cli/node_modules/v8flags Completed in 0ms
530 silly placeDep node_modules/grunt-cli isexe@2.0.0 OK for: which@1.3.1 want: ^2.0.0
531 timing idealTree:node_modules/grunt-cli/node_modules/which Completed in 1ms
532 timing idealTree:node_modules/grunt-cli/node_modules/isexe Completed in 0ms
533 timing idealTree:node_modules/grunt-cli/node_modules/base/node_modules/define-property Completed in 0ms
534 silly placeDep node_modules/grunt-cli/node_modules/braces is-extendable@0.1.1 OK for: extend-shallow@2.0.1 want: ^0.1.0
535 timing idealTree:node_modules/grunt-cli/node_modules/braces/node_modules/extend-shallow Completed in 1ms
536 timing idealTree:node_modules/grunt-cli/node_modules/braces/node_modules/is-extendable Completed in 0ms
537 silly placeDep node_modules/grunt-cli/node_modules/class-utils is-descriptor@0.1.6 OK for: define-property@0.2.5 want: ^0.1.0
538 silly fetch manifest is-accessor-descriptor@^0.1.6
539 silly fetch manifest is-data-descriptor@^0.1.4
540 silly fetch manifest kind-of@^5.0.0
541 http fetch GET 304 https://registry.npmjs.org/is-accessor-descriptor 105ms (from cache)
542 http fetch GET 304 https://registry.npmjs.org/kind-of 106ms (from cache)
543 http fetch GET 304 https://registry.npmjs.org/is-data-descriptor 109ms (from cache)
544 timing idealTree:node_modules/grunt-cli/node_modules/class-utils/node_modules/define-property Completed in 114ms
545 silly placeDep node_modules/grunt-cli/node_modules/class-utils is-accessor-descriptor@0.1.6 OK for: is-descriptor@0.1.6 want: ^0.1.6
546 silly placeDep node_modules/grunt-cli/node_modules/class-utils is-data-descriptor@0.1.4 OK for: is-descriptor@0.1.6 want: ^0.1.4
547 silly placeDep node_modules/grunt-cli/node_modules/class-utils kind-of@5.1.0 OK for: is-descriptor@0.1.6 want: ^5.0.0
548 timing idealTree:node_modules/grunt-cli/node_modules/class-utils/node_modules/is-descriptor Completed in 2ms
549 silly placeDep node_modules/grunt-cli/node_modules/class-utils/node_modules/is-accessor-descriptor kind-of@3.2.2 OK for: is-accessor-descriptor@0.1.6 want: ^3.0.2
550 timing idealTree:node_modules/grunt-cli/node_modules/class-utils/node_modules/is-accessor-descriptor Completed in 0ms
551 silly placeDep node_modules/grunt-cli/node_modules/class-utils/node_modules/is-data-descriptor kind-of@3.2.2 OK for: is-data-descriptor@0.1.4 want: ^3.0.2
552 timing idealTree:node_modules/grunt-cli/node_modules/class-utils/node_modules/is-data-descriptor Completed in 1ms
553 timing idealTree:node_modules/grunt-cli/node_modules/class-utils/node_modules/kind-of Completed in 0ms
554 silly placeDep node_modules/grunt-cli/node_modules/expand-brackets is-descriptor@0.1.6 OK for: define-property@0.2.5 want: ^0.1.0
555 timing idealTree:node_modules/grunt-cli/node_modules/expand-brackets/node_modules/define-property Completed in 2ms
556 silly placeDep node_modules/grunt-cli/node_modules/expand-brackets is-extendable@0.1.1 OK for: extend-shallow@2.0.1 want: ^0.1.0
557 timing idealTree:node_modules/grunt-cli/node_modules/expand-brackets/node_modules/extend-shallow Completed in 4ms
558 silly placeDep node_modules/grunt-cli/node_modules/expand-brackets is-accessor-descriptor@0.1.6 OK for: is-descriptor@0.1.6 want: ^0.1.6
559 silly placeDep node_modules/grunt-cli/node_modules/expand-brackets is-data-descriptor@0.1.4 OK for: is-descriptor@0.1.6 want: ^0.1.4
560 silly placeDep node_modules/grunt-cli/node_modules/expand-brackets kind-of@5.1.0 OK for: is-descriptor@0.1.6 want: ^5.0.0
561 timing idealTree:node_modules/grunt-cli/node_modules/expand-brackets/node_modules/is-descriptor Completed in 2ms
562 silly placeDep node_modules/grunt-cli/node_modules/expand-brackets/node_modules/is-accessor-descriptor kind-of@3.2.2 OK for: is-accessor-descriptor@0.1.6 want: ^3.0.2
563 timing idealTree:node_modules/grunt-cli/node_modules/expand-brackets/node_modules/is-accessor-descriptor Completed in 1ms
564 silly placeDep node_modules/grunt-cli/node_modules/expand-brackets/node_modules/is-data-descriptor kind-of@3.2.2 OK for: is-data-descriptor@0.1.4 want: ^3.0.2
565 timing idealTree:node_modules/grunt-cli/node_modules/expand-brackets/node_modules/is-data-descriptor Completed in 1ms
566 timing idealTree:node_modules/grunt-cli/node_modules/expand-brackets/node_modules/is-extendable Completed in 0ms
567 timing idealTree:node_modules/grunt-cli/node_modules/expand-brackets/node_modules/kind-of Completed in 0ms
568 timing idealTree:node_modules/grunt-cli/node_modules/extglob/node_modules/define-property Completed in 0ms
569 silly placeDep node_modules/grunt-cli/node_modules/extglob is-extendable@0.1.1 OK for: extend-shallow@2.0.1 want: ^0.1.0
570 timing idealTree:node_modules/grunt-cli/node_modules/extglob/node_modules/extend-shallow Completed in 1ms
571 timing idealTree:node_modules/grunt-cli/node_modules/extglob/node_modules/is-extendable Completed in 0ms
572 silly placeDep node_modules/grunt-cli/node_modules/fill-range is-extendable@0.1.1 OK for: extend-shallow@2.0.1 want: ^0.1.0
573 timing idealTree:node_modules/grunt-cli/node_modules/fill-range/node_modules/extend-shallow Completed in 1ms
574 timing idealTree:node_modules/grunt-cli/node_modules/fill-range/node_modules/is-extendable Completed in 0ms
575 silly placeDep node_modules/grunt-cli is-buffer@1.1.6 OK for: kind-of@4.0.0 want: ^1.1.5
576 timing idealTree:node_modules/grunt-cli/node_modules/has-values/node_modules/kind-of Completed in 1ms
577 timing idealTree:node_modules/grunt-cli/node_modules/is-buffer Completed in 0ms
578 timing idealTree:node_modules/grunt-cli/node_modules/is-number/node_modules/kind-of Completed in 0ms
579 silly placeDep node_modules/grunt-cli/node_modules/object-copy is-descriptor@0.1.6 OK for: define-property@0.2.5 want: ^0.1.0
580 timing idealTree:node_modules/grunt-cli/node_modules/object-copy/node_modules/define-property Completed in 1ms
581 silly placeDep node_modules/grunt-cli/node_modules/object-copy is-accessor-descriptor@0.1.6 OK for: is-descriptor@0.1.6 want: ^0.1.6
582 silly placeDep node_modules/grunt-cli/node_modules/object-copy is-data-descriptor@0.1.4 OK for: is-descriptor@0.1.6 want: ^0.1.4
583 silly placeDep node_modules/grunt-cli/node_modules/object-copy/node_modules/is-descriptor kind-of@5.1.0 OK for: is-descriptor@0.1.6 want: ^5.0.0
584 timing idealTree:node_modules/grunt-cli/node_modules/object-copy/node_modules/is-descriptor Completed in 3ms
585 timing idealTree:node_modules/grunt-cli/node_modules/object-copy/node_modules/is-accessor-descriptor Completed in 0ms
586 timing idealTree:node_modules/grunt-cli/node_modules/object-copy/node_modules/is-data-descriptor Completed in 0ms
587 timing idealTree:node_modules/grunt-cli/node_modules/object-copy/node_modules/kind-of Completed in 0ms
588 timing idealTree:node_modules/grunt-cli/node_modules/set-value/node_modules/extend-shallow Completed in 0ms
589 timing idealTree:node_modules/grunt-cli/node_modules/set-value/node_modules/is-extendable Completed in 0ms
590 timing idealTree:node_modules/grunt-cli/node_modules/snapdragon-node/node_modules/define-property Completed in 0ms
591 timing idealTree:node_modules/grunt-cli/node_modules/snapdragon-util/node_modules/kind-of Completed in 0ms
592 silly placeDep node_modules/grunt-cli/node_modules/snapdragon is-descriptor@0.1.6 OK for: define-property@0.2.5 want: ^0.1.0
593 timing idealTree:node_modules/grunt-cli/node_modules/snapdragon/node_modules/define-property Completed in 1ms
594 silly placeDep node_modules/grunt-cli/node_modules/snapdragon is-extendable@0.1.1 OK for: extend-shallow@2.0.1 want: ^0.1.0
595 timing idealTree:node_modules/grunt-cli/node_modules/snapdragon/node_modules/extend-shallow Completed in 1ms
596 silly placeDep node_modules/grunt-cli/node_modules/snapdragon is-accessor-descriptor@0.1.6 OK for: is-descriptor@0.1.6 want: ^0.1.6
597 silly placeDep node_modules/grunt-cli/node_modules/snapdragon is-data-descriptor@0.1.4 OK for: is-descriptor@0.1.6 want: ^0.1.4
598 silly placeDep node_modules/grunt-cli/node_modules/snapdragon kind-of@5.1.0 OK for: is-descriptor@0.1.6 want: ^5.0.0
599 timing idealTree:node_modules/grunt-cli/node_modules/snapdragon/node_modules/is-descriptor Completed in 3ms
600 silly placeDep node_modules/grunt-cli/node_modules/snapdragon/node_modules/is-accessor-descriptor kind-of@3.2.2 OK for: is-accessor-descriptor@0.1.6 want: ^3.0.2
601 timing idealTree:node_modules/grunt-cli/node_modules/snapdragon/node_modules/is-accessor-descriptor Completed in 1ms
602 silly placeDep node_modules/grunt-cli/node_modules/snapdragon/node_modules/is-data-descriptor kind-of@3.2.2 OK for: is-data-descriptor@0.1.4 want: ^3.0.2
603 timing idealTree:node_modules/grunt-cli/node_modules/snapdragon/node_modules/is-data-descriptor Completed in 6ms
604 timing idealTree:node_modules/grunt-cli/node_modules/snapdragon/node_modules/is-extendable Completed in 0ms
605 timing idealTree:node_modules/grunt-cli/node_modules/snapdragon/node_modules/kind-of Completed in 0ms
606 silly placeDep node_modules/grunt-cli/node_modules/static-extend is-descriptor@0.1.6 OK for: define-property@0.2.5 want: ^0.1.0
607 timing idealTree:node_modules/grunt-cli/node_modules/static-extend/node_modules/define-property Completed in 1ms
608 silly placeDep node_modules/grunt-cli/node_modules/static-extend is-accessor-descriptor@0.1.6 OK for: is-descriptor@0.1.6 want: ^0.1.6
609 silly placeDep node_modules/grunt-cli/node_modules/static-extend is-data-descriptor@0.1.4 OK for: is-descriptor@0.1.6 want: ^0.1.4
610 silly placeDep node_modules/grunt-cli/node_modules/static-extend kind-of@5.1.0 OK for: is-descriptor@0.1.6 want: ^5.0.0
611 timing idealTree:node_modules/grunt-cli/node_modules/static-extend/node_modules/is-descriptor Completed in 3ms
612 silly placeDep node_modules/grunt-cli/node_modules/static-extend/node_modules/is-accessor-descriptor kind-of@3.2.2 OK for: is-accessor-descriptor@0.1.6 want: ^3.0.2
613 timing idealTree:node_modules/grunt-cli/node_modules/static-extend/node_modules/is-accessor-descriptor Completed in 1ms
614 silly placeDep node_modules/grunt-cli/node_modules/static-extend/node_modules/is-data-descriptor kind-of@3.2.2 OK for: is-data-descriptor@0.1.4 want: ^3.0.2
615 timing idealTree:node_modules/grunt-cli/node_modules/static-extend/node_modules/is-data-descriptor Completed in 3ms
616 timing idealTree:node_modules/grunt-cli/node_modules/static-extend/node_modules/kind-of Completed in 0ms
617 timing idealTree:node_modules/grunt-cli/node_modules/to-object-path/node_modules/kind-of Completed in 0ms
618 timing idealTree:node_modules/grunt-cli/node_modules/union-value/node_modules/is-extendable Completed in 0ms
619 silly placeDep node_modules/grunt-cli/node_modules/unset-value has-values@0.1.4 OK for: has-value@0.3.1 want: ^0.1.4
620 silly placeDep node_modules/grunt-cli/node_modules/unset-value/node_modules/has-value isobject@2.1.0 OK for: has-value@0.3.1 want: ^2.0.0
621 silly fetch manifest isarray@1.0.0
622 http fetch GET 200 https://registry.npmjs.org/isarray 70ms
623 timing idealTree:node_modules/grunt-cli/node_modules/unset-value/node_modules/has-value Completed in 76ms
624 timing idealTree:node_modules/grunt-cli/node_modules/unset-value/node_modules/has-values Completed in 0ms
625 timing idealTree:node_modules/grunt-cli/node_modules/class-utils/node_modules/is-accessor-descriptor/node_modules/kind-of Completed in 0ms
626 timing idealTree:node_modules/grunt-cli/node_modules/class-utils/node_modules/is-data-descriptor/node_modules/kind-of Completed in 0ms
627 timing idealTree:node_modules/grunt-cli/node_modules/expand-brackets/node_modules/is-accessor-descriptor/node_modules/kind-of Completed in 0ms
628 timing idealTree:node_modules/grunt-cli/node_modules/expand-brackets/node_modules/is-data-descriptor/node_modules/kind-of Completed in 0ms
629 timing idealTree:node_modules/grunt-cli/node_modules/object-copy/node_modules/is-descriptor/node_modules/kind-of Completed in 0ms
630 timing idealTree:node_modules/grunt-cli/node_modules/snapdragon/node_modules/is-accessor-descriptor/node_modules/kind-of Completed in 0ms
631 timing idealTree:node_modules/grunt-cli/node_modules/snapdragon/node_modules/is-data-descriptor/node_modules/kind-of Completed in 0ms
632 timing idealTree:node_modules/grunt-cli/node_modules/static-extend/node_modules/is-accessor-descriptor/node_modules/kind-of Completed in 0ms
633 timing idealTree:node_modules/grunt-cli/node_modules/static-extend/node_modules/is-data-descriptor/node_modules/kind-of Completed in 0ms
634 silly placeDep node_modules/grunt-cli isarray@1.0.0 OK for: isobject@2.1.0 want: 1.0.0
635 timing idealTree:node_modules/grunt-cli/node_modules/unset-value/node_modules/has-value/node_modules/isobject Completed in 1ms
636 timing idealTree:node_modules/grunt-cli/node_modules/isarray Completed in 0ms
637 timing idealTree:buildDeps Completed in 4142ms
638 timing idealTree:fixDepFlags Completed in 4ms
639 timing idealTree Completed in 4164ms
640 timing reify:loadTrees Completed in 4170ms
641 timing reify:diffTrees Completed in 7ms
642 silly reify moves {}
643 timing reify:retireShallow Completed in 1ms
644 timing reify:rollback:createSparse Completed in 0ms
645 timing reify:rollback:retireShallow Completed in 0ms
646 timing command:install Completed in 4204ms
647 verbose stack Error: EACCES: permission denied, mkdir '/usr/lib/node_modules/grunt-cli'
648 verbose cwd /home/umang
649 verbose Linux 5.8.0-7630-generic
650 verbose argv "/usr/bin/node" "/usr/bin/npm" "install" "-g" "grunt-cli"
651 verbose node v15.5.0
652 verbose npm  v7.3.0
653 error code EACCES
654 error syscall mkdir
655 error path /usr/lib/node_modules/grunt-cli
656 error errno -13
657 error Error: EACCES: permission denied, mkdir '/usr/lib/node_modules/grunt-cli'
657 error  [Error: EACCES: permission denied, mkdir '/usr/lib/node_modules/grunt-cli'] {
657 error   errno: -13,
657 error   code: 'EACCES',
657 error   syscall: 'mkdir',
657 error   path: '/usr/lib/node_modules/grunt-cli'
657 error }
658 error The operation was rejected by your operating system.
658 error It is likely you do not have the permissions to access this file as the current user
658 error
658 error If you believe this might be a permissions issue, please double-check the
658 error permissions of the file and its containing directories, or try running
658 error the command again as root/Administrator.
659 verbose exit -13
