0 verbose cli [ '/usr/bin/node', '/usr/bin/npm', 'i', '-g', 'typescript' ]
1 info using npm@7.5.3
2 info using node@v15.9.0
3 timing config:load:defaults Completed in 1ms
4 timing config:load:file:/usr/lib/node_modules/npm/npmrc Completed in 0ms
5 timing config:load:builtin Completed in 0ms
6 timing config:load:cli Completed in 2ms
7 timing config:load:env Completed in 0ms
8 timing config:load:project Completed in 0ms
9 timing config:load:file:/home/umang/.npmrc Completed in 1ms
10 timing config:load:user Completed in 1ms
11 timing config:load:file:/usr/etc/npmrc Completed in 0ms
12 timing config:load:global Completed in 0ms
13 timing config:load:cafile Completed in 0ms
14 timing config:load:validate Completed in 0ms
15 timing config:load:setUserAgent Completed in 0ms
16 timing config:load:setEnvs Completed in 1ms
17 timing config:load Completed in 5ms
18 verbose npm-session a765accb02d7cf25
19 timing npm:load Completed in 11ms
20 http fetch GET 200 https://registry.npmjs.org/npm 631ms
21 timing arborist:ctor Completed in 1ms
22 timing idealTree:init Completed in 4ms
23 timing idealTree:userRequests Completed in 2ms
24 silly idealTree buildDeps
25 silly fetch manifest typescript@*
26 http fetch GET 200 https://registry.npmjs.org/typescript 367ms
27 silly placeDep ROOT typescript@4.1.5 OK for:  want: *
28 timing idealTree:#root Completed in 401ms
29 timing idealTree:node_modules/typescript Completed in 0ms
30 timing idealTree:buildDeps Completed in 402ms
31 timing idealTree:fixDepFlags Completed in 0ms
32 timing idealTree Completed in 411ms
33 timing reify:loadTrees Completed in 413ms
34 timing reify:diffTrees Completed in 0ms
35 silly reify moves {}
36 timing reify:retireShallow Completed in 0ms
37 timing reify:rollback:createSparse Completed in 0ms
38 timing reify:rollback:retireShallow Completed in 0ms
39 timing command:install Completed in 422ms
40 notice [40m[37m[39m[49m
40 notice [40m[37mNew [32mpatch[39m[37m version of npm available! [31m7.5.3[39m[37m -> [32m7.5.4[39m[37m[39m[49m
40 notice [40m[37mChangelog: [36mhttps://github.com/npm/cli/releases/tag/v7.5.4[39m[37m[39m[49m
40 notice [40m[37mRun [32mnpm install -g npm@7.5.4[39m[37m to update![39m[49m
40 notice [40m[37m[39m[49m
41 verbose stack Error: EACCES: permission denied, mkdir '/usr/lib/node_modules/typescript'
42 verbose cwd /home/umang
43 verbose Linux 5.8.0-7642-generic
44 verbose argv "/usr/bin/node" "/usr/bin/npm" "i" "-g" "typescript"
45 verbose node v15.9.0
46 verbose npm  v7.5.3
47 error code EACCES
48 error syscall mkdir
49 error path /usr/lib/node_modules/typescript
50 error errno -13
51 error Error: EACCES: permission denied, mkdir '/usr/lib/node_modules/typescript'
51 error  [Error: EACCES: permission denied, mkdir '/usr/lib/node_modules/typescript'] {
51 error   errno: -13,
51 error   code: 'EACCES',
51 error   syscall: 'mkdir',
51 error   path: '/usr/lib/node_modules/typescript'
51 error }
52 error The operation was rejected by your operating system.
52 error It is likely you do not have the permissions to access this file as the current user
52 error
52 error If you believe this might be a permissions issue, please double-check the
52 error permissions of the file and its containing directories, or try running
52 error the command again as root/Administrator.
53 verbose exit -13
