Deleting old log file:/home/umang/.config/Dynalist/dynalist/dynalist-2021-1-12-0-17-57.log
Deleting old log file:/home/umang/.config/Dynalist/dynalist/dynalist-2021-1-13-22-53-33.log
Deleting old log file:/home/umang/.config/Dynalist/dynalist/dynalist-2021-1-14-10-56-26.log
Deleting old log file:/home/umang/.config/Dynalist/dynalist/dynalist-2021-1-14-20-50-14.log
Deleting old log file:/home/umang/.config/Dynalist/dynalist/dynalist-2021-1-2-19-4-59.log
Deleting old log file:/home/umang/.config/Dynalist/dynalist/dynalist-2021-1-2-19-5-40.log
Deleting old log file:/home/umang/.config/Dynalist/dynalist/dynalist-2021-1-2-19-5-49.log
Deleting old log file:/home/umang/.config/Dynalist/dynalist/dynalist-2021-1-2-19-5-57.log
Deleting old log file:/home/umang/.config/Dynalist/dynalist/dynalist-2021-1-3-1-12-44.log
Deleting old log file:/home/umang/.config/Dynalist/dynalist/dynalist-2021-1-3-12-55-11.log
Deleting old log file:/home/umang/.config/Dynalist/dynalist/dynalist-2021-1-3-12-56-21.log
Deleting old log file:/home/umang/.config/Dynalist/dynalist/dynalist-2021-1-4-9-48-32.log
Platform: linux
App path is: /home/umang/Downloads/dynalist-1.0.5/resources/
Data path is: /home/umang/.config/Dynalist/dynalist
[App] /home/umang/Downloads/dynalist-1.0.5/dynalist
[App] App running, version 1.0.5
[Updater] Checking for updates...
[Updater] https://dynalist.io/standalone/check?platform=linux
[Loader] Trying to load main file from /home/umang/.config/Dynalist/dynalist/packages/dynalist-1.4.4.asar/main.js
[Loader] Executing main function
[Updater] Done checking for updates.
[Updater] Checking for updates...
[Updater] https://dynalist.io/standalone/check?platform=linux
[Updater] Done checking for updates.
[Updater] Checking for updates...
[Updater] https://dynalist.io/standalone/check?platform=linux
[Updater] Done checking for updates.
[Updater] Checking for updates...
[Updater] https://dynalist.io/standalone/check?platform=linux
[Updater] Done checking for updates.
[Updater] Checking for updates...
[Updater] https://dynalist.io/standalone/check?platform=linux
[Updater] Done checking for updates.
[Updater] Checking for updates...
[Updater] https://dynalist.io/standalone/check?platform=linux
[Updater] Done checking for updates.
[Updater] Checking for updates...
[Updater] https://dynalist.io/standalone/check?platform=linux
[Updater] Done checking for updates.
